[2020-01-31 02:23:01,171: INFO/ForkPoolWorker-2] Task ruta_app.tasks.prueba_FACO[7a6e7029-2e4e-4e92-98cf-39f6d95c5714] succeeded in 0.021582860999842524s: 'ruta ya creada'
[2020-01-31 02:24:27,054: INFO/ForkPoolWorker-2] Task ruta_app.tasks.prueba_FACO[3f426f3b-f4a1-4f2a-8003-57b04a35b3c3] succeeded in 0.013084018999506952s: 'ruta ya creada'
[2020-01-31 02:26:10,843: INFO/ForkPoolWorker-2] Task ruta_app.tasks.prueba_FACO[3896ade2-6013-4d6f-a47a-b2512d27d02d] succeeded in 0.012594675999935134s: 'ruta ya creada'
[2020-01-31 02:30:15,014: INFO/ForkPoolWorker-2] Task ruta_app.tasks.prueba_FACO[e77c8a10-9862-4281-a8e5-06d27b42570d] succeeded in 0.01288538900007552s: 'ruta ya creada'
[2020-01-31 03:08:56,301: INFO/ForkPoolWorker-2] Task ruta_app.tasks.prueba_FACO[c66fd8ce-f1d4-4b79-ba78-55dcf26d9044] succeeded in 0.012516165999841178s: 'ruta ya creada'
[2020-01-31 03:17:42,862: INFO/ForkPoolWorker-2] Task ruta_app.tasks.prueba_FACO[c6063865-0c6e-47ee-8514-ec1388adf39d] succeeded in 0.011873515000843327s: 'ruta ya creada'
[2020-01-31 03:23:39,510: INFO/ForkPoolWorker-2] Task ruta_app.tasks.prueba_FACO[8ef3edf6-0188-4357-867f-733eb1b97164] succeeded in 0.010017504000643385s: 'ruta ya creada'
[2020-01-31 03:37:53,734: INFO/ForkPoolWorker-2] Task ruta_app.tasks.prueba_FACO[1a57a0ca-6e0e-4666-8d4f-a93384bc90cc] succeeded in 0.012863085001299623s: 'ruta ya creada'
[2020-01-31 03:43:22,633: INFO/ForkPoolWorker-2] Task ruta_app.tasks.prueba_FACO[e8224534-36df-45c4-afe6-e39ff57dbe2c] succeeded in 0.009550583999953233s: 'ruta ya creada'
[2020-01-31 03:45:04,490: INFO/ForkPoolWorker-2] Task ruta_app.tasks.prueba_FACO[b09b88a7-df38-45c9-8660-d126c6fd5f8d] succeeded in 0.012476895999498083s: 'ruta ya creada'
[2020-02-04 23:02:39,807: INFO/ForkPoolWorker-2] Task ruta_app.tasks.prueba_FACO[4741f7e9-9458-46a4-b243-889436cac91a] succeeded in 34.715944904000025s: 'operacion realizada'
[2020-02-04 23:03:11,639: INFO/ForkPoolWorker-2] Task ruta_app.tasks.prueba_FACO[5cbe7dec-217e-48bf-a699-27217acb0c3e] succeeded in 6.723849266000002s: 'operacion realizada'
[2020-02-04 23:04:26,968: INFO/ForkPoolWorker-2] Task ruta_app.tasks.prueba_FACO[38665473-050e-42eb-8b7d-4ae2ef103683] succeeded in 3.6751055940000015s: 'operacion realizada'
[2020-02-04 23:06:06,174: INFO/ForkPoolWorker-2] Task ruta_app.tasks.prueba_FACO[0b033aa9-60d8-4f8c-b34b-23e7032ef5ac] succeeded in 25.627455679000036s: 'operacion realizada'
[2020-02-05 01:09:48,048: INFO/ForkPoolWorker-2] Task ruta_app.tasks.prueba_FACO[8fc70f64-438b-413b-ab2f-9639fe386d40] succeeded in 0.027438730000000078s: 'ruta ya creada'
[2020-02-05 01:22:26,230: INFO/ForkPoolWorker-2] Task ruta_app.tasks.prueba_FACO[7394dd20-9ab3-42c1-a278-ab653fb82ec7] succeeded in 0.013524838999956046s: 'ruta ya creada'
[2020-02-05 01:33:15,821: INFO/ForkPoolWorker-2] Task ruta_app.tasks.prueba_FACO[8094c718-beed-45fd-b861-0ed2e3258923] succeeded in 0.007154317999948034s: 'ruta ya creada'
[2020-02-05 01:43:07,496: INFO/ForkPoolWorker-2] Task ruta_app.tasks.prueba_FACO[0cac9821-beee-4e46-96ab-85c01512141e] succeeded in 1.5090994849997514s: 'operacion realizada'
[2020-02-05 01:44:22,992: INFO/ForkPoolWorker-2] Task ruta_app.tasks.prueba_FACO[e322c4fc-a95b-49d5-8e4b-6c599f3766d4] succeeded in 0.010330581999824062s: 'ruta ya creada'
[2020-02-05 01:46:18,723: INFO/ForkPoolWorker-2] Task ruta_app.tasks.prueba_FACO[a6552694-a84c-4088-a418-d8db48b613a3] succeeded in 0.009082614999897487s: 'ruta ya creada'
[2020-02-05 01:48:16,708: INFO/ForkPoolWorker-2] Task ruta_app.tasks.prueba_FACO[4e2061f3-d14d-4857-abbe-124c24653427] succeeded in 0.013752347000263399s: 'ruta ya creada'
[2020-02-05 01:49:34,998: INFO/ForkPoolWorker-2] Task ruta_app.tasks.prueba_FACO[a28dc885-4c07-4c0f-a2b7-fb6b33e02901] succeeded in 5.639965292999932s: 'operacion realizada'
[2020-02-05 01:49:55,115: INFO/ForkPoolWorker-2] Task ruta_app.tasks.prueba_FACO[67541fe4-1b73-4cb2-bf52-8ad6f69c2820] succeeded in 0.010172310999678302s: 'ruta ya creada'
[2020-02-05 01:50:46,688: INFO/ForkPoolWorker-2] Task ruta_app.tasks.prueba_FACO[9585b25f-f18a-48b1-9fa9-fd494c372fed] succeeded in 0.01004978699984349s: 'ruta ya creada'
[2020-02-05 01:52:24,739: INFO/ForkPoolWorker-2] Task ruta_app.tasks.prueba_FACO[4c8ea5ad-4b4f-49b9-91ca-360fb89aaa09] succeeded in 0.009937788999650365s: 'ruta ya creada'
[2020-02-14 02:17:45,696: INFO/ForkPoolWorker-2] Task ruta_app.tasks.prueba_FACO[98dedcff-2549-41dc-a307-16cbd3584744] succeeded in 0.0204498679995595s: 'ruta ya creada'
